mode: set
github.com/ghadeerhamed/bookings/cmd/web/main.go:21.13,23.16 2 0
github.com/ghadeerhamed/bookings/cmd/web/main.go:27.2,35.16 4 0
github.com/ghadeerhamed/bookings/cmd/web/main.go:23.16,25.3 1 0
github.com/ghadeerhamed/bookings/cmd/web/main.go:38.18,54.16 10 1
github.com/ghadeerhamed/bookings/cmd/web/main.go:58.2,65.12 6 1
github.com/ghadeerhamed/bookings/cmd/web/main.go:54.16,57.3 2 0
github.com/ghadeerhamed/bookings/cmd/web/middleware.go:9.45,18.2 3 1
github.com/ghadeerhamed/bookings/cmd/web/middleware.go:21.50,23.2 1 1
github.com/ghadeerhamed/bookings/cmd/web/routes.go:11.49,37.2 18 1
