mode: set
github.com/ghadeerhamed/bookings/internal/handlers/handlers.go:29.62,34.2 1 0
github.com/ghadeerhamed/bookings/internal/handlers/handlers.go:37.51,42.2 1 1
github.com/ghadeerhamed/bookings/internal/handlers/handlers.go:45.33,47.2 1 1
github.com/ghadeerhamed/bookings/internal/handlers/handlers.go:49.67,51.2 1 1
github.com/ghadeerhamed/bookings/internal/handlers/handlers.go:53.68,55.2 1 1
github.com/ghadeerhamed/bookings/internal/handlers/handlers.go:57.74,60.9 2 1
github.com/ghadeerhamed/bookings/internal/handlers/handlers.go:66.2,67.16 2 1
github.com/ghadeerhamed/bookings/internal/handlers/handlers.go:72.2,89.4 10 1
github.com/ghadeerhamed/bookings/internal/handlers/handlers.go:60.9,64.3 3 1
github.com/ghadeerhamed/bookings/internal/handlers/handlers.go:67.16,71.3 3 1
github.com/ghadeerhamed/bookings/internal/handlers/handlers.go:93.78,95.9 2 0
github.com/ghadeerhamed/bookings/internal/handlers/handlers.go:100.2,102.16 2 0
github.com/ghadeerhamed/bookings/internal/handlers/handlers.go:107.2,118.19 9 0
github.com/ghadeerhamed/bookings/internal/handlers/handlers.go:130.2,131.16 2 0
github.com/ghadeerhamed/bookings/internal/handlers/handlers.go:136.2,147.16 4 0
github.com/ghadeerhamed/bookings/internal/handlers/handlers.go:152.2,152.66 1 0
github.com/ghadeerhamed/bookings/internal/handlers/handlers.go:95.9,98.3 2 0
github.com/ghadeerhamed/bookings/internal/handlers/handlers.go:102.16,105.3 2 0
github.com/ghadeerhamed/bookings/internal/handlers/handlers.go:118.19,127.3 4 0
github.com/ghadeerhamed/bookings/internal/handlers/handlers.go:131.16,134.3 2 0
github.com/ghadeerhamed/bookings/internal/handlers/handlers.go:147.16,150.3 2 0
github.com/ghadeerhamed/bookings/internal/handlers/handlers.go:156.81,158.9 2 0
github.com/ghadeerhamed/bookings/internal/handlers/handlers.go:165.2,180.4 9 0
github.com/ghadeerhamed/bookings/internal/handlers/handlers.go:158.9,163.3 4 0
github.com/ghadeerhamed/bookings/internal/handlers/handlers.go:183.74,185.2 1 1
github.com/ghadeerhamed/bookings/internal/handlers/handlers.go:187.72,189.2 1 1
github.com/ghadeerhamed/bookings/internal/handlers/handlers.go:191.70,193.2 1 1
github.com/ghadeerhamed/bookings/internal/handlers/handlers.go:195.75,197.2 1 1
github.com/ghadeerhamed/bookings/internal/handlers/handlers.go:199.79,206.16 5 0
github.com/ghadeerhamed/bookings/internal/handlers/handlers.go:210.2,211.16 2 0
github.com/ghadeerhamed/bookings/internal/handlers/handlers.go:216.2,217.16 2 0
github.com/ghadeerhamed/bookings/internal/handlers/handlers.go:222.2,222.26 1 0
github.com/ghadeerhamed/bookings/internal/handlers/handlers.go:226.2,226.21 1 0
github.com/ghadeerhamed/bookings/internal/handlers/handlers.go:233.2,244.4 5 0
github.com/ghadeerhamed/bookings/internal/handlers/handlers.go:206.16,209.3 2 0
github.com/ghadeerhamed/bookings/internal/handlers/handlers.go:211.16,214.3 2 0
github.com/ghadeerhamed/bookings/internal/handlers/handlers.go:217.16,220.3 2 0
github.com/ghadeerhamed/bookings/internal/handlers/handlers.go:222.26,224.3 1 0
github.com/ghadeerhamed/bookings/internal/handlers/handlers.go:226.21,231.3 3 0
github.com/ghadeerhamed/bookings/internal/handlers/handlers.go:255.79,266.16 8 0
github.com/ghadeerhamed/bookings/internal/handlers/handlers.go:271.2,280.16 3 0
github.com/ghadeerhamed/bookings/internal/handlers/handlers.go:285.2,290.14 5 0
github.com/ghadeerhamed/bookings/internal/handlers/handlers.go:266.16,269.3 2 0
github.com/ghadeerhamed/bookings/internal/handlers/handlers.go:280.16,283.3 2 0
github.com/ghadeerhamed/bookings/internal/handlers/handlers.go:294.73,296.16 2 0
github.com/ghadeerhamed/bookings/internal/handlers/handlers.go:301.2,303.9 2 0
github.com/ghadeerhamed/bookings/internal/handlers/handlers.go:308.2,311.63 3 0
github.com/ghadeerhamed/bookings/internal/handlers/handlers.go:296.16,299.3 2 0
github.com/ghadeerhamed/bookings/internal/handlers/handlers.go:303.9,306.3 2 0
github.com/ghadeerhamed/bookings/internal/handlers/handlers.go:315.71,327.16 9 0
github.com/ghadeerhamed/bookings/internal/handlers/handlers.go:332.2,339.63 6 0
github.com/ghadeerhamed/bookings/internal/handlers/handlers.go:327.16,330.3 2 0
